#
# A fatal error has been detected by the Java Runtime Environment:
#
#  EXCEPTION_ACCESS_VIOLATION (0xc0000005) at pc=0x000000006ed35a53, pid=16888, tid=0x0000000000005198
#
# JRE version: Java(TM) SE Runtime Environment (8.0_271-b09) (build 1.8.0_271-b09)
# Java VM: Java HotSpot(TM) 64-Bit Server VM (25.271-b09 mixed mode windows-amd64 compressed oops)
# Problematic frame:
# V  [jvm.dll+0x115a53]
#
# Failed to write core dump. Minidumps are not enabled by default on client versions of Windows
#
# If you would like to submit a bug report, please visit:
#   http://bugreport.java.com/bugreport/crash.jsp
#

---------------  T H R E A D  ---------------

Current thread (0x0000025549d75000):  VMThread [stack: 0x000000976d800000,0x000000976d900000] [id=20888]

siginfo: ExceptionCode=0xc0000005, reading address 0xffffffffffffffff

Registers:
RAX=0x0000000000000030, RBX=0x000000976d8ff0d0, RCX=0x000000976d8ff0d0, RDX=0xffffffffffffca30
RSP=0x000000976d8feef0, RBP=0x0000000000000000, RSI=0x00000000000000a7, RDI=0x0000000000000027
R8 =0x0000000000000030, R9 =0x0000025549c06ad0, R10=0x03ffffffffffff28, R11=0x00000255497bfa5f
R12=0x0000025549c06a30, R13=0x0000000000000000, R14=0x000000006ed35a30, R15=0x0000000000000027
RIP=0x000000006ed35a53, EFLAGS=0x0000000000010a07

Top of Stack: (sp=0x000000976d8feef0)
0x000000976d8feef0:   00000255497bfaf0 0000000000000027
0x000000976d8fef00:   000000976d8ff0d0 000000006ed3588e
0x000000976d8fef10:   000000976d8ff0d0 000000006ed3986f
0x000000976d8fef20:   000000976d8ff0d0 00000000000000a7
0x000000976d8fef30:   0000025549d75000 000000006ecb7198
0x000000976d8fef40:   00000255497bfaf0 000000976d8fefa0
0x000000976d8fef50:   0000000000000027 00000255497bfa8f
0x000000976d8fef60:   0000000000000027 000000006ed39d99
0x000000976d8fef70:   00000255497bfaf0 000000976d8ff0d0
0x000000976d8fef80:   000000976d8fefd0 00000000000000a7
0x000000976d8fef90:   00000255497bfaf0 0000025549d75000
0x000000976d8fefa0:   00000255497bfaf0 0000025549d75000
0x000000976d8fefb0:   0000002a00000027 000000a700000041
0x000000976d8fefc0:   0000000000000000 00000000000000a7
0x000000976d8fefd0:   0000000000000000 0000000000000000
0x000000976d8fefe0:   0000025549c06e08 0000025549c06a30 

Instructions: (pc=0x000000006ed35a53)
0x000000006ed35a33:   83 ec 20 4c 8b 89 90 00 00 00 48 8b d9 48 63 d2
0x000000006ed35a43:   0f b6 c2 4c 8b d2 24 3f 49 c1 ea 06 44 0f b6 c0
0x000000006ed35a53:   4b 8b 04 d1 4c 0f a3 c0 72 0f 48 83 c1 70 41 b0
0x000000006ed35a63:   01 e8 37 53 16 00 ff 43 6c 48 83 c4 20 5b c3 cc 


Register to memory mapping:

RAX=0x0000000000000030 is an unknown value
RBX=0x000000976d8ff0d0 is an unknown value
RCX=0x000000976d8ff0d0 is an unknown value
RDX=0xffffffffffffca30 is an unknown value
RSP=0x000000976d8feef0 is an unknown value
RBP=0x0000000000000000 is an unknown value
RSI=0x00000000000000a7 is an unknown value
RDI=0x0000000000000027 is an unknown value
R8 =0x0000000000000030 is an unknown value
R9 =0x0000025549c06ad0 is an unknown value
R10=0x03ffffffffffff28 is an unknown value
R11=0x00000255497bfa5f is pointing into metadata
R12=0x0000025549c06a30 is an unknown value
R13=0x0000000000000000 is an unknown value
R14=0x000000006ed35a30 is an unknown value
R15=0x0000000000000027 is an unknown value


Stack: [0x000000976d800000,0x000000976d900000],  sp=0x000000976d8feef0,  free space=1019k
Native frames: (J=compiled Java code, j=interpreted, Vv=VM code, C=native code)

VM_Operation (0x000000976ddff660): GetOrSetLocal, mode: safepoint, requested by thread 0x0000025549de8800


---------------  P R O C E S S  ---------------

Java Threads: ( => current thread )
  0x000002554b6bf800 JavaThread "Service Thread" daemon [_thread_blocked, id=20496, stack(0x000000976e300000,0x000000976e400000)]
  0x000002554b644000 JavaThread "C1 CompilerThread2" daemon [_thread_blocked, id=21128, stack(0x000000976e200000,0x000000976e300000)]
  0x0000025549e85800 JavaThread "C2 CompilerThread1" daemon [_thread_blocked, id=22252, stack(0x000000976e100000,0x000000976e200000)]
  0x0000025549e85000 JavaThread "C2 CompilerThread0" daemon [_thread_blocked, id=12180, stack(0x000000976e000000,0x000000976e100000)]
  0x0000025549dec800 JavaThread "JDWP Command Reader" daemon [_thread_in_native, id=21820, stack(0x000000976df00000,0x000000976e000000)]
  0x0000025549deb000 JavaThread "JDWP Event Helper Thread" daemon [_thread_blocked, id=12140, stack(0x000000976de00000,0x000000976df00000)]
  0x0000025549de8800 JavaThread "JDWP Transport Listener: dt_socket" daemon [_thread_blocked, id=20484, stack(0x000000976dd00000,0x000000976de00000)]
  0x0000025549dc5000 JavaThread "Attach Listener" daemon [_thread_blocked, id=18544, stack(0x000000976dc00000,0x000000976dd00000)]
  0x0000025549dc3000 JavaThread "Signal Dispatcher" daemon [_thread_blocked, id=22440, stack(0x000000976db00000,0x000000976dc00000)]
  0x0000025549da1800 JavaThread "Finalizer" daemon [_thread_blocked, id=18248, stack(0x000000976da00000,0x000000976db00000)]
  0x0000025549d9b000 JavaThread "Reference Handler" daemon [_thread_blocked, id=19744, stack(0x000000976d900000,0x000000976da00000)]
  0x000002552f08c800 JavaThread "main" [_thread_blocked, id=4492, stack(0x000000976d100000,0x000000976d200000)]

Other Threads:
=>0x0000025549d75000 VMThread [stack: 0x000000976d800000,0x000000976d900000] [id=20888]
  0x000002554b73d000 WatcherThread [stack: 0x000000976e400000,0x000000976e500000] [id=4412]

VM state:at safepoint (normal execution)

VM Mutex/Monitor currently owned by a thread:  ([mutex/lock_event])
[0x000002552f08ac00] Threads_lock - owner thread: 0x0000025549d75000

heap address: 0x00000006c1000000, size: 4080 MB, Compressed Oops mode: Zero based, Oop shift amount: 3
Narrow klass base: 0x0000000000000000, Narrow klass shift: 3
Compressed class space size: 1073741824 Address: 0x00000007c0000000

Heap:
 PSYoungGen      total 76288K, used 11833K [0x000000076b000000, 0x0000000770500000, 0x00000007c0000000)
  eden space 65536K, 18% used [0x000000076b000000,0x000000076bb8e6f0,0x000000076f000000)
  from space 10752K, 0% used [0x000000076fa80000,0x000000076fa80000,0x0000000770500000)
  to   space 10752K, 0% used [0x000000076f000000,0x000000076f000000,0x000000076fa80000)
 ParOldGen       total 175104K, used 0K [0x00000006c1000000, 0x00000006cbb00000, 0x000000076b000000)
  object space 175104K, 0% used [0x00000006c1000000,0x00000006c1000000,0x00000006cbb00000)
 Metaspace       used 4990K, capacity 5380K, committed 5504K, reserved 1056768K
  class space    used 578K, capacity 627K, committed 640K, reserved 1048576K

Card table byte_map: [0x000002553fe70000,0x0000025540670000] byte_map_base: 0x000002553c868000

Marking Bits: (ParMarkBitMap*) 0x000000006f417fe0
 Begin Bits: [0x0000025540bc0000, 0x0000025544b80000)
 End Bits:   [0x0000025544b80000, 0x0000025548b40000)

Polling page: 0x000002552f270000

CodeCache: size=245760Kb used=1954Kb max_used=1966Kb free=243805Kb
 bounds [0x0000025530ab0000, 0x0000025530d20000, 0x000002553fab0000]
 total_blobs=553 nmethods=294 adapters=180
 compilation: enabled

Compilation events (10 events):
Event: 0.370 Thread 0x000002554b644000 nmethod 290 0x0000025530c846d0 code [0x0000025530c84840, 0x0000025530c84af8]
Event: 0.371 Thread 0x000002554b644000  291       3       java.util.regex.Pattern$BmpCharProperty::match (50 bytes)
Event: 0.371 Thread 0x000002554b644000 nmethod 291 0x0000025530c83f10 code [0x0000025530c840a0, 0x0000025530c84570]
Event: 0.372 Thread 0x000002554b644000  292   !   3       java.lang.ClassLoader::getPackage (118 bytes)
Event: 0.372 Thread 0x0000025549e85000 nmethod 276 0x0000025530c97f50 code [0x0000025530c98200, 0x0000025530c99968]
Event: 0.373 Thread 0x000002554b644000 nmethod 292 0x0000025530c96990 code [0x0000025530c96ba0, 0x0000025530c97960]
Event: 0.375 Thread 0x0000025549e85800  293       4       java.lang.String::getChars (62 bytes)
Event: 0.375 Thread 0x000002554b644000  294   !   3       java.lang.ref.Finalizer::add (41 bytes)
Event: 0.375 Thread 0x000002554b644000 nmethod 294 0x0000025530c96310 code [0x0000025530c96480, 0x0000025530c96858]
Event: 0.376 Thread 0x0000025549e85800 nmethod 293 0x0000025530c94890 code [0x0000025530c949e0, 0x0000025530c94c18]

GC Heap History (0 events):
No events

Deoptimization events (0 events):
No events

Classes redefined (6 events):
Event: 50.155 Thread 0x0000025549d75000 redefined class name=com.urise.webapp.storage.AbstractStorageTest, count=1
Event: 113.994 Thread 0x0000025549d75000 redefined class name=com.urise.webapp.storage.AbstractStorageTest, count=2
Event: 432.491 Thread 0x0000025549d75000 redefined class name=com.urise.webapp.storage.ListStorage, count=1
Event: 1063.664 Thread 0x0000025549d75000 redefined class name=com.urise.webapp.storage.ListStorageTest, count=3
Event: 1110.677 Thread 0x0000025549d75000 redefined class name=com.urise.webapp.storage.AbstractStorageTest, count=3
Event: 1110.678 Thread 0x0000025549d75000 redefined class name=com.urise.webapp.storage.AbstractStorage, count=1

Internal exceptions (8 events):
Event: 0.029 Thread 0x000002552f08c800 Exception <a 'java/lang/NoSuchMethodError': Method sun.misc.Unsafe.defineClass(Ljava/lang/String;[BII)Ljava/lang/Class; name or signature does not match> (0x000000076b007cc0) thrown at [C:\jenkins\workspace\8-2-build-windows-amd64-cygwin\jdk8u271\605\hots
Event: 0.029 Thread 0x000002552f08c800 Exception <a 'java/lang/NoSuchMethodError': Method sun.misc.Unsafe.prefetchRead(Ljava/lang/Object;J)V name or signature does not match> (0x000000076b007fa8) thrown at [C:\jenkins\workspace\8-2-build-windows-amd64-cygwin\jdk8u271\605\hotspot\src\share\vm\p
Event: 0.167 Thread 0x000002552f08c800 Exception <a 'java/io/FileNotFoundException'> (0x000000076b30a5e8) thrown at [C:\jenkins\workspace\8-2-build-windows-amd64-cygwin\jdk8u271\605\hotspot\src\share\vm\prims\jni.cpp, line 710]
Event: 0.180 Thread 0x000002552f08c800 Exception <a 'java/io/FileNotFoundException'> (0x000000076b39c550) thrown at [C:\jenkins\workspace\8-2-build-windows-amd64-cygwin\jdk8u271\605\hotspot\src\share\vm\prims\jni.cpp, line 710]
Event: 0.212 Thread 0x000002552f08c800 Exception <a 'java/security/PrivilegedActionException'> (0x000000076b5cb1f0) thrown at [C:\jenkins\workspace\8-2-build-windows-amd64-cygwin\jdk8u271\605\hotspot\src\share\vm\prims\jvm.cpp, line 1512]
Event: 0.212 Thread 0x000002552f08c800 Exception <a 'java/security/PrivilegedActionException'> (0x000000076b5cb5e8) thrown at [C:\jenkins\workspace\8-2-build-windows-amd64-cygwin\jdk8u271\605\hotspot\src\share\vm\prims\jvm.cpp, line 1512]
Event: 0.212 Thread 0x000002552f08c800 Exception <a 'java/security/PrivilegedActionException'> (0x000000076b5cf8c8) thrown at [C:\jenkins\workspace\8-2-build-windows-amd64-cygwin\jdk8u271\605\hotspot\src\share\vm\prims\jvm.cpp, line 1512]
Event: 0.212 Thread 0x000002552f08c800 Exception <a 'java/security/PrivilegedActionException'> (0x000000076b5cfcc0) thrown at [C:\jenkins\workspace\8-2-build-windows-amd64-cygwin\jdk8u271\605\hotspot\src\share\vm\prims\jvm.cpp, line 1512]

Events (10 events):
Event: 1063.737 Executing VM operation: GetOrSetLocal done
Event: 1063.737 Executing VM operation: GetOrSetLocal
Event: 1063.737 Executing VM operation: GetOrSetLocal done
Event: 1110.675 Executing VM operation: ChangeBreakpoints
Event: 1110.675 Executing VM operation: ChangeBreakpoints done
Event: 1110.676 Executing VM operation: RedefineClasses
Event: 1110.678 Executing VM operation: RedefineClasses done
Event: 1110.743 Executing VM operation: ChangeBreakpoints
Event: 1110.743 Executing VM operation: ChangeBreakpoints done
Event: 1110.756 Executing VM operation: GetOrSetLocal


Dynamic libraries:
0x00007ff6cd290000 - 0x00007ff6cd2d7000 	C:\Program Files\Java\jdk1.8.0_271\bin\java.exe
0x00007ff9285d0000 - 0x00007ff9287c5000 	C:\Windows\SYSTEM32\ntdll.dll
0x00007ff927510000 - 0x00007ff9275ce000 	C:\Windows\System32\KERNEL32.DLL
0x00007ff925ce0000 - 0x00007ff925fa8000 	C:\Windows\System32\KERNELBASE.dll
0x00007ff926b80000 - 0x00007ff926c2e000 	C:\Windows\System32\ADVAPI32.dll
0x00007ff927340000 - 0x00007ff9273de000 	C:\Windows\System32\msvcrt.dll
0x00007ff926c90000 - 0x00007ff926d2c000 	C:\Windows\System32\sechost.dll
0x00007ff9273e0000 - 0x00007ff927505000 	C:\Windows\System32\RPCRT4.dll
0x00007ff927170000 - 0x00007ff927311000 	C:\Windows\System32\USER32.dll
0x00007ff926300000 - 0x00007ff926322000 	C:\Windows\System32\win32u.dll
0x00007ff928400000 - 0x00007ff92842b000 	C:\Windows\System32\GDI32.dll
0x00007ff9261f0000 - 0x00007ff9262fd000 	C:\Windows\System32\gdi32full.dll
0x00007ff926330000 - 0x00007ff9263cd000 	C:\Windows\System32\msvcp_win.dll
0x00007ff926510000 - 0x00007ff926610000 	C:\Windows\System32\ucrtbase.dll
0x00007ff919020000 - 0x00007ff9192ba000 	C:\Windows\WinSxS\amd64_microsoft.windows.common-controls_6595b64144ccf1df_6.0.19041.1110_none_60b5254171f9507e\COMCTL32.dll
0x00007ff9267a0000 - 0x00007ff9267d0000 	C:\Windows\System32\IMM32.DLL
0x00007ff922770000 - 0x00007ff922785000 	C:\Program Files\Java\jdk1.8.0_271\jre\bin\vcruntime140.dll
0x00007ff9082c0000 - 0x00007ff90835b000 	C:\Program Files\Java\jdk1.8.0_271\jre\bin\msvcp140.dll
0x000000006ec20000 - 0x000000006f48f000 	C:\Program Files\Java\jdk1.8.0_271\jre\bin\server\jvm.dll
0x00007ff927330000 - 0x00007ff927338000 	C:\Windows\System32\PSAPI.DLL
0x00007ff919370000 - 0x00007ff919397000 	C:\Windows\SYSTEM32\WINMM.dll
0x00007ff90c170000 - 0x00007ff90c179000 	C:\Windows\SYSTEM32\WSOCK32.dll
0x00007ff91e9a0000 - 0x00007ff91e9aa000 	C:\Windows\SYSTEM32\VERSION.dll
0x00007ff927c40000 - 0x00007ff927cab000 	C:\Windows\System32\WS2_32.dll
0x00007ff923bf0000 - 0x00007ff923c02000 	C:\Windows\SYSTEM32\kernel.appcore.dll
0x00007ff923250000 - 0x00007ff923260000 	C:\Program Files\Java\jdk1.8.0_271\jre\bin\verify.dll
0x00007ff90e890000 - 0x00007ff90e8bb000 	C:\Program Files\Java\jdk1.8.0_271\jre\bin\java.dll
0x00007ff9056c0000 - 0x00007ff9056f6000 	C:\Program Files\Java\jdk1.8.0_271\jre\bin\jdwp.dll
0x00007ff922760000 - 0x00007ff922769000 	C:\Program Files\Java\jdk1.8.0_271\jre\bin\npt.dll
0x00007ff90d420000 - 0x00007ff90d450000 	C:\Program Files\Java\jdk1.8.0_271\jre\bin\instrument.dll
0x00007ff90e780000 - 0x00007ff90e798000 	C:\Program Files\Java\jdk1.8.0_271\jre\bin\zip.dll
0x00007ff927cb0000 - 0x00007ff9283f4000 	C:\Windows\System32\SHELL32.dll
0x00007ff923df0000 - 0x00007ff924585000 	C:\Windows\SYSTEM32\windows.storage.dll
0x00007ff926e10000 - 0x00007ff927165000 	C:\Windows\System32\combase.dll
0x00007ff9256c0000 - 0x00007ff9256ee000 	C:\Windows\SYSTEM32\Wldp.dll
0x00007ff9266f0000 - 0x00007ff92679d000 	C:\Windows\System32\SHCORE.dll
0x00007ff926690000 - 0x00007ff9266e5000 	C:\Windows\System32\shlwapi.dll
0x00007ff925c20000 - 0x00007ff925c3f000 	C:\Windows\SYSTEM32\profapi.dll
0x00007ff90e7f0000 - 0x00007ff90e7fa000 	C:\Program Files\Java\jdk1.8.0_271\jre\bin\dt_socket.dll
0x00007ff9253c0000 - 0x00007ff92542a000 	C:\Windows\system32\mswsock.dll
0x00007ff90d960000 - 0x00007ff90db44000 	C:\Windows\SYSTEM32\dbghelp.dll
0x00007ff926110000 - 0x00007ff926192000 	C:\Windows\System32\bcryptPrimitives.dll

VM Arguments:
jvm_args: -agentlib:jdwp=transport=dt_socket,address=127.0.0.1:49496,suspend=y,server=n -ea -Didea.test.cyclic.buffer.size=1048576 -javaagent:C:\Users\slavy\AppData\Local\JetBrains\IntelliJIdea2021.2\captureAgent\debugger-agent.jar -Dfile.encoding=UTF-8 
java_command: com.intellij.rt.junit.JUnitStarter -ideVersion5 -junit4 com.urise.webapp.storage.ListStorageTest,saveOverflow
java_class_path (initial): C:\Program Files\JetBrains\IntelliJ IDEA 2021.2.2\lib\idea_rt.jar;C:\Program Files\JetBrains\IntelliJ IDEA 2021.2.2\plugins\junit\lib\junit5-rt.jar;C:\Program Files\JetBrains\IntelliJ IDEA 2021.2.2\plugins\junit\lib\junit-rt.jar;C:\Program Files\Java\jdk1.8.0_271\jre\lib\charsets.jar;C:\Program Files\Java\jdk1.8.0_271\jre\lib\deploy.jar;C:\Program Files\Java\jdk1.8.0_271\jre\lib\ext\access-bridge-64.jar;C:\Program Files\Java\jdk1.8.0_271\jre\lib\ext\cldrdata.jar;C:\Program Files\Java\jdk1.8.0_271\jre\lib\ext\dnsns.jar;C:\Program Files\Java\jdk1.8.0_271\jre\lib\ext\jaccess.jar;C:\Program Files\Java\jdk1.8.0_271\jre\lib\ext\jfxrt.jar;C:\Program Files\Java\jdk1.8.0_271\jre\lib\ext\localedata.jar;C:\Program Files\Java\jdk1.8.0_271\jre\lib\ext\nashorn.jar;C:\Program Files\Java\jdk1.8.0_271\jre\lib\ext\sunec.jar;C:\Program Files\Java\jdk1.8.0_271\jre\lib\ext\sunjce_provider.jar;C:\Program Files\Java\jdk1.8.0_271\jre\lib\ext\sunmscapi.jar;C:\Program Files\Java\jdk1.8.0_271\jre\lib\ext\sunpkcs11.jar;C:\Program Files\Java\jdk1.8.0_271\jre\lib\ext\zipfs.jar;C:\Program Files\Java\jdk1.8.0_271\jre\lib\javaws.jar;C:\Program Files\Java\jdk1.8.0_271\jre\lib\jce.jar;C:\Program Files\Java\jdk1.8.0_271\jre\lib\jfr.jar;C:\Program Files\Java\jdk1.8.0_271\jre\lib\jfxswt.jar;C:\Program Files\Java\jdk1.8.0_271\jre\lib\jsse.jar;C:\Program Files\Java\jdk1.8.0_271\jre\lib\management-agent.jar;C:\Program Files\Java\jdk1.8.0_271\jre\lib\plugin.jar;C:\Program Files\Java\jdk1.8.0_271\jre\lib\resources.jar;C:\Program Files\Java\jdk1.8.0_271\jre\lib\rt.jar;C:\Java\basejava\out\test\basejava;C:\Java\basejava\out\production\basejava;C:\Java\basejava\lib\junit-4.13.1.jar;C:\Java\basejava\lib\hamcrest-core-1.3.jar;C:\Users\slavy\AppData\Local\JetBrains\IntelliJIdea2021.2\captureAgent\debugger-agent.jar
Launcher Type: SUN_STANDARD

Environment Variables:
JAVA_HOME=C:\Program Files\Java\jdk1.8.0_271
PATH=C:\Program Files\Java\jre1.8.0_271\bin;C:\Program Files (x86)\Common Files\Oracle\Java\javapath;C:\Windows\system32;C:\Windows;C:\Windows\System32\Wbem;C:\Windows\System32\WindowsPowerShell\v1.0\;C:\Windows\System32\OpenSSH\;C:\Program Files (x86)\Intel\Intel(R) Management Engine Components\DAL;C:\Program Files\Intel\Intel(R) Management Engine Components\DAL;C:\Program Files (x86)\NVIDIA Corporation\PhysX\Common;C:\Program Files\NVIDIA Corporation\NVIDIA NvDLISR;C:\Program Files\dotnet\;C:\Program Files\Git\cmd;C:\Program Files\Java\jdk1.8.0_271\bin;C:\Program Files\PostgreSQL\14\bin; C:\Program Files\PostgreSQL\14\lib 
USERNAME=slavy
OS=Windows_NT
PROCESSOR_IDENTIFIER=Intel64 Family 6 Model 158 Stepping 10, GenuineIntel



---------------  S Y S T E M  ---------------

OS: Windows 10.0 , 64 bit Build 19041 (10.0.19041.1466)

CPU:total 6 (initial active 6) (6 cores per cpu, 1 threads per core) family 6 model 158 stepping 10, cmov, cx8, fxsr, mmx, sse, sse2, sse3, ssse3, sse4.1, sse4.2, popcnt, avx, avx2, aes, clmul, erms, 3dnowpref, lzcnt, tsc, tscinvbit, bmi1, bmi2, adx

Memory: 4k page, physical 16708920k(8769248k free), swap 19199288k(6920872k free)

vm_info: Java HotSpot(TM) 64-Bit Server VM (25.271-b09) for windows-amd64 JRE (1.8.0_271-b09), built on Sep 16 2020 19:14:59 by "" with MS VC++ 15.9 (VS2017)

time: Sat Jan 15 22:50:51 2022
timezone: Астраханское стандартное время
elapsed time: 1110.812205 seconds (0d 0h 18m 30s)

